{"/Users/habuma/aus-travel/aus-travel/lambda/custom/index.js": {"path":"/Users/habuma/aus-travel/aus-travel/lambda/custom/index.js","statementMap":{"0":{"start":{"line":4,"column":14},"end":{"line":4,"column":37}},"1":{"start":{"line":6,"column":29},"end":{"line":17,"column":1}},"2":{"start":{"line":8,"column":8},"end":{"line":8,"column":86}},"3":{"start":{"line":11,"column":28},"end":{"line":11,"column":94}},"4":{"start":{"line":12,"column":8},"end":{"line":15,"column":27}},"5":{"start":{"line":18,"column":32},"end":{"line":30,"column":1}},"6":{"start":{"line":20,"column":8},"end":{"line":21,"column":88}},"7":{"start":{"line":24,"column":28},"end":{"line":24,"column":65}},"8":{"start":{"line":25,"column":8},"end":{"line":28,"column":27}},"9":{"start":{"line":31,"column":30},"end":{"line":45,"column":1}},"10":{"start":{"line":33,"column":8},"end":{"line":34,"column":86}},"11":{"start":{"line":37,"column":25},"end":{"line":37,"column":74}},"12":{"start":{"line":38,"column":20},"end":{"line":38,"column":41}},"13":{"start":{"line":39,"column":28},"end":{"line":39,"column":56}},"14":{"start":{"line":40,"column":8},"end":{"line":43,"column":27}},"15":{"start":{"line":46,"column":26},"end":{"line":59,"column":1}},"16":{"start":{"line":48,"column":8},"end":{"line":49,"column":89}},"17":{"start":{"line":52,"column":28},"end":{"line":52,"column":70}},"18":{"start":{"line":54,"column":8},"end":{"line":57,"column":27}},"19":{"start":{"line":60,"column":35},"end":{"line":72,"column":1}},"20":{"start":{"line":62,"column":8},"end":{"line":64,"column":94}},"21":{"start":{"line":67,"column":28},"end":{"line":67,"column":38}},"22":{"start":{"line":68,"column":8},"end":{"line":70,"column":27}},"23":{"start":{"line":73,"column":35},"end":{"line":81,"column":1}},"24":{"start":{"line":75,"column":8},"end":{"line":75,"column":92}},"25":{"start":{"line":79,"column":8},"end":{"line":79,"column":58}},"26":{"start":{"line":87,"column":31},"end":{"line":100,"column":1}},"27":{"start":{"line":89,"column":8},"end":{"line":89,"column":86}},"28":{"start":{"line":92,"column":27},"end":{"line":92,"column":76}},"29":{"start":{"line":93,"column":28},"end":{"line":93,"column":62}},"30":{"start":{"line":95,"column":8},"end":{"line":98,"column":27}},"31":{"start":{"line":105,"column":21},"end":{"line":118,"column":1}},"32":{"start":{"line":107,"column":8},"end":{"line":107,"column":20}},"33":{"start":{"line":110,"column":8},"end":{"line":110,"column":58}},"34":{"start":{"line":111,"column":28},"end":{"line":111,"column":90}},"35":{"start":{"line":113,"column":8},"end":{"line":116,"column":27}},"36":{"start":{"line":123,"column":0},"end":{"line":136,"column":14}}},"fnMap":{"0":{"name":"(anonymous_0)","decl":{"start":{"line":7,"column":4},"end":{"line":7,"column":5}},"loc":{"start":{"line":7,"column":28},"end":{"line":9,"column":5}},"line":7},"1":{"name":"(anonymous_1)","decl":{"start":{"line":10,"column":4},"end":{"line":10,"column":5}},"loc":{"start":{"line":10,"column":25},"end":{"line":16,"column":5}},"line":10},"2":{"name":"(anonymous_2)","decl":{"start":{"line":19,"column":4},"end":{"line":19,"column":5}},"loc":{"start":{"line":19,"column":28},"end":{"line":22,"column":5}},"line":19},"3":{"name":"(anonymous_3)","decl":{"start":{"line":23,"column":4},"end":{"line":23,"column":5}},"loc":{"start":{"line":23,"column":25},"end":{"line":29,"column":5}},"line":23},"4":{"name":"(anonymous_4)","decl":{"start":{"line":32,"column":4},"end":{"line":32,"column":5}},"loc":{"start":{"line":32,"column":28},"end":{"line":35,"column":5}},"line":32},"5":{"name":"(anonymous_5)","decl":{"start":{"line":36,"column":4},"end":{"line":36,"column":5}},"loc":{"start":{"line":36,"column":25},"end":{"line":44,"column":5}},"line":36},"6":{"name":"(anonymous_6)","decl":{"start":{"line":47,"column":4},"end":{"line":47,"column":5}},"loc":{"start":{"line":47,"column":28},"end":{"line":50,"column":5}},"line":47},"7":{"name":"(anonymous_7)","decl":{"start":{"line":51,"column":4},"end":{"line":51,"column":5}},"loc":{"start":{"line":51,"column":25},"end":{"line":58,"column":5}},"line":51},"8":{"name":"(anonymous_8)","decl":{"start":{"line":61,"column":4},"end":{"line":61,"column":5}},"loc":{"start":{"line":61,"column":28},"end":{"line":65,"column":5}},"line":61},"9":{"name":"(anonymous_9)","decl":{"start":{"line":66,"column":4},"end":{"line":66,"column":5}},"loc":{"start":{"line":66,"column":25},"end":{"line":71,"column":5}},"line":66},"10":{"name":"(anonymous_10)","decl":{"start":{"line":74,"column":4},"end":{"line":74,"column":5}},"loc":{"start":{"line":74,"column":28},"end":{"line":76,"column":5}},"line":74},"11":{"name":"(anonymous_11)","decl":{"start":{"line":77,"column":4},"end":{"line":77,"column":5}},"loc":{"start":{"line":77,"column":25},"end":{"line":80,"column":5}},"line":77},"12":{"name":"(anonymous_12)","decl":{"start":{"line":88,"column":4},"end":{"line":88,"column":5}},"loc":{"start":{"line":88,"column":28},"end":{"line":90,"column":5}},"line":88},"13":{"name":"(anonymous_13)","decl":{"start":{"line":91,"column":4},"end":{"line":91,"column":5}},"loc":{"start":{"line":91,"column":25},"end":{"line":99,"column":5}},"line":91},"14":{"name":"(anonymous_14)","decl":{"start":{"line":106,"column":4},"end":{"line":106,"column":5}},"loc":{"start":{"line":106,"column":16},"end":{"line":108,"column":5}},"line":106},"15":{"name":"(anonymous_15)","decl":{"start":{"line":109,"column":4},"end":{"line":109,"column":5}},"loc":{"start":{"line":109,"column":32},"end":{"line":117,"column":5}},"line":109}},"branchMap":{"0":{"loc":{"start":{"line":20,"column":15},"end":{"line":21,"column":87}},"type":"binary-expr","locations":[{"start":{"line":20,"column":15},"end":{"line":20,"column":85}},{"start":{"line":21,"column":15},"end":{"line":21,"column":87}}],"line":20},"1":{"loc":{"start":{"line":33,"column":15},"end":{"line":34,"column":85}},"type":"binary-expr","locations":[{"start":{"line":33,"column":15},"end":{"line":33,"column":85}},{"start":{"line":34,"column":15},"end":{"line":34,"column":85}}],"line":33},"2":{"loc":{"start":{"line":48,"column":15},"end":{"line":49,"column":88}},"type":"binary-expr","locations":[{"start":{"line":48,"column":15},"end":{"line":48,"column":85}},{"start":{"line":49,"column":15},"end":{"line":49,"column":88}}],"line":48},"3":{"loc":{"start":{"line":62,"column":15},"end":{"line":64,"column":93}},"type":"binary-expr","locations":[{"start":{"line":62,"column":15},"end":{"line":62,"column":85}},{"start":{"line":63,"column":16},"end":{"line":63,"column":91}},{"start":{"line":64,"column":19},"end":{"line":64,"column":92}}],"line":62}},"s":{"0":1,"1":1,"2":4,"3":1,"4":1,"5":1,"6":3,"7":2,"8":2,"9":1,"10":1,"11":0,"12":0,"13":0,"14":0,"15":1,"16":1,"17":1,"18":1,"19":1,"20":0,"21":0,"22":0,"23":1,"24":0,"25":0,"26":1,"27":0,"28":0,"29":0,"30":0,"31":1,"32":0,"33":0,"34":0,"35":0,"36":1},"f":{"0":4,"1":1,"2":3,"3":2,"4":1,"5":0,"6":1,"7":1,"8":0,"9":0,"10":0,"11":0,"12":0,"13":0,"14":0,"15":0},"b":{"0":[3,3],"1":[1,1],"2":[1,1],"3":[0,0,0]},"_coverageSchema":"43e27e138ebf9cfc5966b082cf9a028302ed4184","hash":"703596c5cd11af236f9b22f9ab63af8d8bf928b4"}
,"/Users/habuma/aus-travel/aus-travel/lambda/custom/util.js": {"path":"/Users/habuma/aus-travel/aus-travel/lambda/custom/util.js","statementMap":{"0":{"start":{"line":1,"column":12},"end":{"line":1,"column":30}},"1":{"start":{"line":3,"column":22},"end":{"line":5,"column":2}},"2":{"start":{"line":7,"column":0},"end":{"line":18,"column":1}},"3":{"start":{"line":9,"column":23},"end":{"line":9,"column":56}},"4":{"start":{"line":10,"column":27},"end":{"line":14,"column":6}},"5":{"start":{"line":15,"column":4},"end":{"line":15,"column":77}},"6":{"start":{"line":16,"column":4},"end":{"line":16,"column":26}}},"fnMap":{"0":{"name":"getS3PreSignedUrl","decl":{"start":{"line":7,"column":44},"end":{"line":7,"column":61}},"loc":{"start":{"line":7,"column":75},"end":{"line":18,"column":1}},"line":7}},"branchMap":{},"s":{"0":0,"1":0,"2":0,"3":0,"4":0,"5":0,"6":0},"f":{"0":0},"b":{},"hash":"304086cfea23af96384f9deeba285050a7d83272"}
}
