TN:
SF:/Users/habuma/aus-travel/aus-travel/lambda/custom/index.js
FN:7,(anonymous_0)
FN:10,(anonymous_1)
FN:19,(anonymous_2)
FN:23,(anonymous_3)
FN:32,(anonymous_4)
FN:36,(anonymous_5)
FN:47,(anonymous_6)
FN:51,(anonymous_7)
FN:61,(anonymous_8)
FN:66,(anonymous_9)
FN:74,(anonymous_10)
FN:77,(anonymous_11)
FN:88,(anonymous_12)
FN:91,(anonymous_13)
FN:106,(anonymous_14)
FN:109,(anonymous_15)
FNF:16
FNH:7
FNDA:4,(anonymous_0)
FNDA:1,(anonymous_1)
FNDA:3,(anonymous_2)
FNDA:2,(anonymous_3)
FNDA:1,(anonymous_4)
FNDA:0,(anonymous_5)
FNDA:1,(anonymous_6)
FNDA:1,(anonymous_7)
FNDA:0,(anonymous_8)
FNDA:0,(anonymous_9)
FNDA:0,(anonymous_10)
FNDA:0,(anonymous_11)
FNDA:0,(anonymous_12)
FNDA:0,(anonymous_13)
FNDA:0,(anonymous_14)
FNDA:0,(anonymous_15)
DA:4,1
DA:6,1
DA:8,4
DA:11,1
DA:12,1
DA:18,1
DA:20,3
DA:24,2
DA:25,2
DA:31,1
DA:33,1
DA:37,0
DA:38,0
DA:39,0
DA:40,0
DA:46,1
DA:48,1
DA:52,1
DA:54,1
DA:60,1
DA:62,0
DA:67,0
DA:68,0
DA:73,1
DA:75,0
DA:79,0
DA:87,1
DA:89,0
DA:92,0
DA:93,0
DA:95,0
DA:105,1
DA:107,0
DA:110,0
DA:111,0
DA:113,0
DA:123,1
LF:37
LH:20
BRDA:20,0,0,3
BRDA:20,0,1,3
BRDA:33,1,0,1
BRDA:33,1,1,1
BRDA:48,2,0,1
BRDA:48,2,1,1
BRDA:62,3,0,0
BRDA:62,3,1,0
BRDA:62,3,2,0
BRF:9
BRH:6
end_of_record
TN:
SF:/Users/habuma/aus-travel/aus-travel/lambda/custom/util.js
FN:7,getS3PreSignedUrl
FNF:1
FNH:0
FNDA:0,getS3PreSignedUrl
DA:1,0
DA:3,0
DA:7,0
DA:9,0
DA:10,0
DA:15,0
DA:16,0
LF:7
LH:0
BRF:0
BRH:0
end_of_record
