{
  "numFailedTestSuites": 1,
  "numFailedTests": 1,
  "numPassedTestSuites": 0,
  "numPassedTests": 1,
  "numPendingTestSuites": 0,
  "numPendingTests": 0,
  "numRuntimeErrorTestSuites": 0,
  "numTodoTests": 0,
  "numTotalTestSuites": 1,
  "numTotalTests": 2,
  "openHandles": [],
  "snapshot": {
    "added": 0,
    "didUpdate": false,
    "failure": false,
    "filesAdded": 0,
    "filesRemoved": 0,
    "filesRemovedList": [],
    "filesUnmatched": 0,
    "filesUpdated": 0,
    "matched": 0,
    "total": 0,
    "unchecked": 0,
    "uncheckedKeysByFile": [],
    "unmatched": 0,
    "updated": 0
  },
  "startTime": 1582935599049,
  "success": false,
  "testResults": [
    {
      "failureMessage": "\u001b[1m\u001b[31m  \u001b[1m● \u001b[1men-US › Hello World intent › HelloWorldIntent\u001b[39m\u001b[22m\n\n    Expected value at [response.outputSpeech.ssml] to ==\n    \tHello World!\n    Received:\n    \t<speak>Hello Madison No Fluff Just Stuff!</speak>\n\u001b[2m\u001b[22m\n\u001b[2m    \u001b[0m \u001b[90m 11 | \u001b[39m\u001b[33m-\u001b[39m test\u001b[33m:\u001b[39m \u001b[33mHello\u001b[39m \u001b[33mWorld\u001b[39m intent\u001b[0m\u001b[22m\n\u001b[2m    \u001b[0m \u001b[90m 12 | \u001b[39m\u001b[33m-\u001b[39m \u001b[33mHelloWorldIntent\u001b[39m\u001b[33m:\u001b[39m\u001b[0m\u001b[22m\n\u001b[2m    \u001b[0m\u001b[31m\u001b[1m>\u001b[2m\u001b[39m\u001b[90m 13 | \u001b[39m  \u001b[33m-\u001b[39m response\u001b[33m.\u001b[39moutputSpeech\u001b[33m.\u001b[39mssml\u001b[33m:\u001b[39m \u001b[33mHello\u001b[39m \u001b[33mWorld\u001b[39m\u001b[33m!\u001b[39m\u001b[0m\u001b[22m\n\u001b[2m    \u001b[0m \u001b[90m 14 | \u001b[39m\u001b[0m\u001b[22m\n\u001b[2m\u001b[22m\n\u001b[2m      \u001b[2mat \u001b[2m\u001b[0m\u001b[36mtest/hello-test.yml\u001b[39m\u001b[0m\u001b[2m:13:0\u001b[2m\u001b[22m\n\u001b[2m      Timestamp:\u001b[22m\n\u001b[2m      \t2020-02-28T18:19:59.787\u001b[22m\n",
      "leaks": false,
      "memoryUsage": 0,
      "numFailingTests": 1,
      "numPassingTests": 1,
      "numPendingTests": 0,
      "skipped": false,
      "snapshot": {
        "added": 0,
        "fileDeleted": false,
        "matched": 0,
        "unchecked": 0,
        "uncheckedKeys": [],
        "unmatched": 0,
        "updated": 0
      },
      "testFilePath": "/Users/habuma/msn-alexa/hello-madison/test/hello-test.yml",
      "testResults": [
        {
          "ancestorTitles": [
            "en-US",
            "Launch request"
          ],
          "duration": 81,
          "failureMessages": [],
          "location": {
            "column": 0,
            "line": 0
          },
          "numPassingAsserts": 0,
          "status": "passed",
          "title": "LaunchRequest"
        },
        {
          "ancestorTitles": [
            "en-US",
            "Hello World intent"
          ],
          "duration": 1,
          "failureMessages": [
            "Expected value at [response.outputSpeech.ssml] to ==\n\tHello World!\nReceived:\n\t<speak>Hello Madison No Fluff Just Stuff!</speak>\nat /Users/habuma/msn-alexa/hello-madison/test/hello-test.yml:13:0\nTimestamp:\n\t2020-02-28T18:19:59.787"
          ],
          "location": {
            "column": 0,
            "line": 0
          },
          "numPassingAsserts": 0,
          "status": "failed",
          "title": "HelloWorldIntent"
        }
      ],
      "perfStats": {
        "end": 1582935599797,
        "start": 1582935599093
      },
      "numTodoTests": 0
    }
  ],
  "wasInterrupted": false,
  "coverageMap": {
    "/Users/habuma/msn-alexa/hello-madison/lambda/custom/index.js": {
      "path": "/Users/habuma/msn-alexa/hello-madison/lambda/custom/index.js",
      "statementMap": {
        "0": {
          "start": {
            "line": 6,
            "column": 14
          },
          "end": {
            "line": 6,
            "column": 37
          }
        },
        "1": {
          "start": {
            "line": 8,
            "column": 13
          },
          "end": {
            "line": 8,
            "column": 31
          }
        },
        "2": {
          "start": {
            "line": 10,
            "column": 24
          },
          "end": {
            "line": 10,
            "column": 52
          }
        },
        "3": {
          "start": {
            "line": 12,
            "column": 29
          },
          "end": {
            "line": 24,
            "column": 1
          }
        },
        "4": {
          "start": {
            "line": 14,
            "column": 8
          },
          "end": {
            "line": 14,
            "column": 86
          }
        },
        "5": {
          "start": {
            "line": 17,
            "column": 28
          },
          "end": {
            "line": 17,
            "column": 57
          }
        },
        "6": {
          "start": {
            "line": 19,
            "column": 8
          },
          "end": {
            "line": 22,
            "column": 27
          }
        },
        "7": {
          "start": {
            "line": 26,
            "column": 32
          },
          "end": {
            "line": 38,
            "column": 1
          }
        },
        "8": {
          "start": {
            "line": 28,
            "column": 8
          },
          "end": {
            "line": 29,
            "column": 88
          }
        },
        "9": {
          "start": {
            "line": 32,
            "column": 28
          },
          "end": {
            "line": 32,
            "column": 55
          }
        },
        "10": {
          "start": {
            "line": 34,
            "column": 8
          },
          "end": {
            "line": 36,
            "column": 27
          }
        },
        "11": {
          "start": {
            "line": 40,
            "column": 26
          },
          "end": {
            "line": 53,
            "column": 1
          }
        },
        "12": {
          "start": {
            "line": 42,
            "column": 8
          },
          "end": {
            "line": 43,
            "column": 89
          }
        },
        "13": {
          "start": {
            "line": 46,
            "column": 28
          },
          "end": {
            "line": 46,
            "column": 54
          }
        },
        "14": {
          "start": {
            "line": 48,
            "column": 8
          },
          "end": {
            "line": 51,
            "column": 27
          }
        },
        "15": {
          "start": {
            "line": 55,
            "column": 35
          },
          "end": {
            "line": 68,
            "column": 1
          }
        },
        "16": {
          "start": {
            "line": 57,
            "column": 8
          },
          "end": {
            "line": 59,
            "column": 94
          }
        },
        "17": {
          "start": {
            "line": 62,
            "column": 28
          },
          "end": {
            "line": 62,
            "column": 57
          }
        },
        "18": {
          "start": {
            "line": 64,
            "column": 8
          },
          "end": {
            "line": 66,
            "column": 27
          }
        },
        "19": {
          "start": {
            "line": 74,
            "column": 30
          },
          "end": {
            "line": 87,
            "column": 1
          }
        },
        "20": {
          "start": {
            "line": 76,
            "column": 8
          },
          "end": {
            "line": 77,
            "column": 93
          }
        },
        "21": {
          "start": {
            "line": 80,
            "column": 28
          },
          "end": {
            "line": 80,
            "column": 58
          }
        },
        "22": {
          "start": {
            "line": 82,
            "column": 8
          },
          "end": {
            "line": 85,
            "column": 27
          }
        },
        "23": {
          "start": {
            "line": 93,
            "column": 35
          },
          "end": {
            "line": 102,
            "column": 1
          }
        },
        "24": {
          "start": {
            "line": 95,
            "column": 8
          },
          "end": {
            "line": 95,
            "column": 92
          }
        },
        "25": {
          "start": {
            "line": 98,
            "column": 8
          },
          "end": {
            "line": 98,
            "column": 91
          }
        },
        "26": {
          "start": {
            "line": 100,
            "column": 8
          },
          "end": {
            "line": 100,
            "column": 58
          }
        },
        "27": {
          "start": {
            "line": 108,
            "column": 31
          },
          "end": {
            "line": 121,
            "column": 1
          }
        },
        "28": {
          "start": {
            "line": 110,
            "column": 8
          },
          "end": {
            "line": 110,
            "column": 86
          }
        },
        "29": {
          "start": {
            "line": 113,
            "column": 27
          },
          "end": {
            "line": 113,
            "column": 76
          }
        },
        "30": {
          "start": {
            "line": 114,
            "column": 28
          },
          "end": {
            "line": 114,
            "column": 85
          }
        },
        "31": {
          "start": {
            "line": 116,
            "column": 8
          },
          "end": {
            "line": 119,
            "column": 27
          }
        },
        "32": {
          "start": {
            "line": 127,
            "column": 21
          },
          "end": {
            "line": 140,
            "column": 1
          }
        },
        "33": {
          "start": {
            "line": 129,
            "column": 8
          },
          "end": {
            "line": 129,
            "column": 20
          }
        },
        "34": {
          "start": {
            "line": 132,
            "column": 28
          },
          "end": {
            "line": 132,
            "column": 55
          }
        },
        "35": {
          "start": {
            "line": 133,
            "column": 8
          },
          "end": {
            "line": 133,
            "column": 68
          }
        },
        "36": {
          "start": {
            "line": 135,
            "column": 8
          },
          "end": {
            "line": 138,
            "column": 27
          }
        },
        "37": {
          "start": {
            "line": 143,
            "column": 39
          },
          "end": {
            "line": 152,
            "column": 1
          }
        },
        "38": {
          "start": {
            "line": 145,
            "column": 8
          },
          "end": {
            "line": 150,
            "column": 11
          }
        },
        "39": {
          "start": {
            "line": 149,
            "column": 12
          },
          "end": {
            "line": 149,
            "column": 53
          }
        },
        "40": {
          "start": {
            "line": 149,
            "column": 42
          },
          "end": {
            "line": 149,
            "column": 52
          }
        },
        "41": {
          "start": {
            "line": 158,
            "column": 0
          },
          "end": {
            "line": 171,
            "column": 14
          }
        }
      },
      "fnMap": {
        "0": {
          "name": "(anonymous_0)",
          "decl": {
            "start": {
              "line": 13,
              "column": 4
            },
            "end": {
              "line": 13,
              "column": 5
            }
          },
          "loc": {
            "start": {
              "line": 13,
              "column": 28
            },
            "end": {
              "line": 15,
              "column": 5
            }
          },
          "line": 13
        },
        "1": {
          "name": "(anonymous_1)",
          "decl": {
            "start": {
              "line": 16,
              "column": 4
            },
            "end": {
              "line": 16,
              "column": 5
            }
          },
          "loc": {
            "start": {
              "line": 16,
              "column": 25
            },
            "end": {
              "line": 23,
              "column": 5
            }
          },
          "line": 16
        },
        "2": {
          "name": "(anonymous_2)",
          "decl": {
            "start": {
              "line": 27,
              "column": 4
            },
            "end": {
              "line": 27,
              "column": 5
            }
          },
          "loc": {
            "start": {
              "line": 27,
              "column": 28
            },
            "end": {
              "line": 30,
              "column": 5
            }
          },
          "line": 27
        },
        "3": {
          "name": "(anonymous_3)",
          "decl": {
            "start": {
              "line": 31,
              "column": 4
            },
            "end": {
              "line": 31,
              "column": 5
            }
          },
          "loc": {
            "start": {
              "line": 31,
              "column": 25
            },
            "end": {
              "line": 37,
              "column": 5
            }
          },
          "line": 31
        },
        "4": {
          "name": "(anonymous_4)",
          "decl": {
            "start": {
              "line": 41,
              "column": 4
            },
            "end": {
              "line": 41,
              "column": 5
            }
          },
          "loc": {
            "start": {
              "line": 41,
              "column": 28
            },
            "end": {
              "line": 44,
              "column": 5
            }
          },
          "line": 41
        },
        "5": {
          "name": "(anonymous_5)",
          "decl": {
            "start": {
              "line": 45,
              "column": 4
            },
            "end": {
              "line": 45,
              "column": 5
            }
          },
          "loc": {
            "start": {
              "line": 45,
              "column": 25
            },
            "end": {
              "line": 52,
              "column": 5
            }
          },
          "line": 45
        },
        "6": {
          "name": "(anonymous_6)",
          "decl": {
            "start": {
              "line": 56,
              "column": 4
            },
            "end": {
              "line": 56,
              "column": 5
            }
          },
          "loc": {
            "start": {
              "line": 56,
              "column": 28
            },
            "end": {
              "line": 60,
              "column": 5
            }
          },
          "line": 56
        },
        "7": {
          "name": "(anonymous_7)",
          "decl": {
            "start": {
              "line": 61,
              "column": 4
            },
            "end": {
              "line": 61,
              "column": 5
            }
          },
          "loc": {
            "start": {
              "line": 61,
              "column": 25
            },
            "end": {
              "line": 67,
              "column": 5
            }
          },
          "line": 61
        },
        "8": {
          "name": "(anonymous_8)",
          "decl": {
            "start": {
              "line": 75,
              "column": 4
            },
            "end": {
              "line": 75,
              "column": 5
            }
          },
          "loc": {
            "start": {
              "line": 75,
              "column": 28
            },
            "end": {
              "line": 78,
              "column": 5
            }
          },
          "line": 75
        },
        "9": {
          "name": "(anonymous_9)",
          "decl": {
            "start": {
              "line": 79,
              "column": 4
            },
            "end": {
              "line": 79,
              "column": 5
            }
          },
          "loc": {
            "start": {
              "line": 79,
              "column": 25
            },
            "end": {
              "line": 86,
              "column": 5
            }
          },
          "line": 79
        },
        "10": {
          "name": "(anonymous_10)",
          "decl": {
            "start": {
              "line": 94,
              "column": 4
            },
            "end": {
              "line": 94,
              "column": 5
            }
          },
          "loc": {
            "start": {
              "line": 94,
              "column": 28
            },
            "end": {
              "line": 96,
              "column": 5
            }
          },
          "line": 94
        },
        "11": {
          "name": "(anonymous_11)",
          "decl": {
            "start": {
              "line": 97,
              "column": 4
            },
            "end": {
              "line": 97,
              "column": 5
            }
          },
          "loc": {
            "start": {
              "line": 97,
              "column": 25
            },
            "end": {
              "line": 101,
              "column": 5
            }
          },
          "line": 97
        },
        "12": {
          "name": "(anonymous_12)",
          "decl": {
            "start": {
              "line": 109,
              "column": 4
            },
            "end": {
              "line": 109,
              "column": 5
            }
          },
          "loc": {
            "start": {
              "line": 109,
              "column": 28
            },
            "end": {
              "line": 111,
              "column": 5
            }
          },
          "line": 109
        },
        "13": {
          "name": "(anonymous_13)",
          "decl": {
            "start": {
              "line": 112,
              "column": 4
            },
            "end": {
              "line": 112,
              "column": 5
            }
          },
          "loc": {
            "start": {
              "line": 112,
              "column": 25
            },
            "end": {
              "line": 120,
              "column": 5
            }
          },
          "line": 112
        },
        "14": {
          "name": "(anonymous_14)",
          "decl": {
            "start": {
              "line": 128,
              "column": 4
            },
            "end": {
              "line": 128,
              "column": 5
            }
          },
          "loc": {
            "start": {
              "line": 128,
              "column": 16
            },
            "end": {
              "line": 130,
              "column": 5
            }
          },
          "line": 128
        },
        "15": {
          "name": "(anonymous_15)",
          "decl": {
            "start": {
              "line": 131,
              "column": 4
            },
            "end": {
              "line": 131,
              "column": 5
            }
          },
          "loc": {
            "start": {
              "line": 131,
              "column": 32
            },
            "end": {
              "line": 139,
              "column": 5
            }
          },
          "line": 131
        },
        "16": {
          "name": "(anonymous_16)",
          "decl": {
            "start": {
              "line": 144,
              "column": 4
            },
            "end": {
              "line": 144,
              "column": 5
            }
          },
          "loc": {
            "start": {
              "line": 144,
              "column": 26
            },
            "end": {
              "line": 151,
              "column": 5
            }
          },
          "line": 144
        },
        "17": {
          "name": "(anonymous_17)",
          "decl": {
            "start": {
              "line": 148,
              "column": 16
            },
            "end": {
              "line": 148,
              "column": 17
            }
          },
          "loc": {
            "start": {
              "line": 148,
              "column": 23
            },
            "end": {
              "line": 150,
              "column": 9
            }
          },
          "line": 148
        },
        "18": {
          "name": "(anonymous_18)",
          "decl": {
            "start": {
              "line": 149,
              "column": 29
            },
            "end": {
              "line": 149,
              "column": 30
            }
          },
          "loc": {
            "start": {
              "line": 149,
              "column": 42
            },
            "end": {
              "line": 149,
              "column": 52
            }
          },
          "line": 149
        }
      },
      "branchMap": {
        "0": {
          "loc": {
            "start": {
              "line": 28,
              "column": 15
            },
            "end": {
              "line": 29,
              "column": 87
            }
          },
          "type": "binary-expr",
          "locations": [
            {
              "start": {
                "line": 28,
                "column": 15
              },
              "end": {
                "line": 28,
                "column": 85
              }
            },
            {
              "start": {
                "line": 29,
                "column": 15
              },
              "end": {
                "line": 29,
                "column": 87
              }
            }
          ],
          "line": 28
        },
        "1": {
          "loc": {
            "start": {
              "line": 42,
              "column": 15
            },
            "end": {
              "line": 43,
              "column": 88
            }
          },
          "type": "binary-expr",
          "locations": [
            {
              "start": {
                "line": 42,
                "column": 15
              },
              "end": {
                "line": 42,
                "column": 85
              }
            },
            {
              "start": {
                "line": 43,
                "column": 15
              },
              "end": {
                "line": 43,
                "column": 88
              }
            }
          ],
          "line": 42
        },
        "2": {
          "loc": {
            "start": {
              "line": 57,
              "column": 15
            },
            "end": {
              "line": 59,
              "column": 93
            }
          },
          "type": "binary-expr",
          "locations": [
            {
              "start": {
                "line": 57,
                "column": 15
              },
              "end": {
                "line": 57,
                "column": 85
              }
            },
            {
              "start": {
                "line": 58,
                "column": 16
              },
              "end": {
                "line": 58,
                "column": 91
              }
            },
            {
              "start": {
                "line": 59,
                "column": 19
              },
              "end": {
                "line": 59,
                "column": 92
              }
            }
          ],
          "line": 57
        },
        "3": {
          "loc": {
            "start": {
              "line": 76,
              "column": 15
            },
            "end": {
              "line": 77,
              "column": 92
            }
          },
          "type": "binary-expr",
          "locations": [
            {
              "start": {
                "line": 76,
                "column": 15
              },
              "end": {
                "line": 76,
                "column": 85
              }
            },
            {
              "start": {
                "line": 77,
                "column": 15
              },
              "end": {
                "line": 77,
                "column": 92
              }
            }
          ],
          "line": 76
        }
      },
      "s": {
        "0": 1,
        "1": 1,
        "2": 1,
        "3": 1,
        "4": 2,
        "5": 1,
        "6": 1,
        "7": 1,
        "8": 1,
        "9": 1,
        "10": 1,
        "11": 1,
        "12": 0,
        "13": 0,
        "14": 0,
        "15": 1,
        "16": 0,
        "17": 0,
        "18": 0,
        "19": 1,
        "20": 0,
        "21": 0,
        "22": 0,
        "23": 1,
        "24": 0,
        "25": 0,
        "26": 0,
        "27": 1,
        "28": 0,
        "29": 0,
        "30": 0,
        "31": 0,
        "32": 1,
        "33": 0,
        "34": 0,
        "35": 0,
        "36": 0,
        "37": 1,
        "38": 2,
        "39": 2,
        "40": 2,
        "41": 1
      },
      "f": {
        "0": 2,
        "1": 1,
        "2": 1,
        "3": 1,
        "4": 0,
        "5": 0,
        "6": 0,
        "7": 0,
        "8": 0,
        "9": 0,
        "10": 0,
        "11": 0,
        "12": 0,
        "13": 0,
        "14": 0,
        "15": 0,
        "16": 2,
        "17": 2,
        "18": 2
      },
      "b": {
        "0": [
          1,
          1
        ],
        "1": [
          0,
          0
        ],
        "2": [
          0,
          0,
          0
        ],
        "3": [
          0,
          0
        ]
      },
      "_coverageSchema": "43e27e138ebf9cfc5966b082cf9a028302ed4184",
      "hash": "20014acb8b2a4d1663cc7735ba393102254107df"
    },
    "/Users/habuma/msn-alexa/hello-madison/lambda/custom/languageStrings.js": {
      "path": "/Users/habuma/msn-alexa/hello-madison/lambda/custom/languageStrings.js",
      "statementMap": {
        "0": {
          "start": {
            "line": 8,
            "column": 0
          },
          "end": {
            "line": 20,
            "column": 1
          }
        }
      },
      "fnMap": {},
      "branchMap": {},
      "s": {
        "0": 1
      },
      "f": {},
      "b": {},
      "_coverageSchema": "43e27e138ebf9cfc5966b082cf9a028302ed4184",
      "hash": "4c9f854e87c1a673ba56f6e8f3287b6f481282ea"
    }
  }
}