{"/Users/habuma/pwx-2021/helloprogressiveweb/lambda/index.js": {"path":"/Users/habuma/pwx-2021/helloprogressiveweb/lambda/index.js","statementMap":{"0":{"start":{"line":6,"column":14},"end":{"line":6,"column":37}},"1":{"start":{"line":8,"column":29},"end":{"line":20,"column":1}},"2":{"start":{"line":10,"column":8},"end":{"line":10,"column":86}},"3":{"start":{"line":13,"column":28},"end":{"line":13,"column":97}},"4":{"start":{"line":15,"column":8},"end":{"line":18,"column":27}},"5":{"start":{"line":22,"column":32},"end":{"line":34,"column":1}},"6":{"start":{"line":24,"column":8},"end":{"line":25,"column":88}},"7":{"start":{"line":28,"column":28},"end":{"line":28,"column":63}},"8":{"start":{"line":30,"column":8},"end":{"line":32,"column":27}},"9":{"start":{"line":36,"column":35},"end":{"line":50,"column":1}},"10":{"start":{"line":38,"column":8},"end":{"line":39,"column":91}},"11":{"start":{"line":42,"column":25},"end":{"line":42,"column":85}},"12":{"start":{"line":44,"column":28},"end":{"line":44,"column":53}},"13":{"start":{"line":46,"column":8},"end":{"line":48,"column":27}},"14":{"start":{"line":52,"column":34},"end":{"line":70,"column":1}},"15":{"start":{"line":54,"column":8},"end":{"line":55,"column":90}},"16":{"start":{"line":58,"column":28},"end":{"line":58,"column":91}},"17":{"start":{"line":59,"column":30},"end":{"line":59,"column":95}},"18":{"start":{"line":60,"column":27},"end":{"line":60,"column":89}},"19":{"start":{"line":64,"column":28},"end":{"line":64,"column":144}},"20":{"start":{"line":66,"column":8},"end":{"line":68,"column":27}},"21":{"start":{"line":72,"column":26},"end":{"line":85,"column":1}},"22":{"start":{"line":74,"column":8},"end":{"line":75,"column":89}},"23":{"start":{"line":78,"column":28},"end":{"line":78,"column":70}},"24":{"start":{"line":80,"column":8},"end":{"line":83,"column":27}},"25":{"start":{"line":87,"column":35},"end":{"line":100,"column":1}},"26":{"start":{"line":89,"column":8},"end":{"line":91,"column":94}},"27":{"start":{"line":94,"column":28},"end":{"line":94,"column":38}},"28":{"start":{"line":96,"column":8},"end":{"line":98,"column":27}},"29":{"start":{"line":106,"column":30},"end":{"line":119,"column":1}},"30":{"start":{"line":108,"column":8},"end":{"line":109,"column":93}},"31":{"start":{"line":112,"column":28},"end":{"line":112,"column":80}},"32":{"start":{"line":114,"column":8},"end":{"line":117,"column":27}},"33":{"start":{"line":125,"column":35},"end":{"line":134,"column":1}},"34":{"start":{"line":127,"column":8},"end":{"line":127,"column":92}},"35":{"start":{"line":130,"column":8},"end":{"line":130,"column":91}},"36":{"start":{"line":132,"column":8},"end":{"line":132,"column":58}},"37":{"start":{"line":140,"column":31},"end":{"line":153,"column":1}},"38":{"start":{"line":142,"column":8},"end":{"line":142,"column":86}},"39":{"start":{"line":145,"column":27},"end":{"line":145,"column":76}},"40":{"start":{"line":146,"column":28},"end":{"line":146,"column":62}},"41":{"start":{"line":148,"column":8},"end":{"line":151,"column":27}},"42":{"start":{"line":159,"column":21},"end":{"line":172,"column":1}},"43":{"start":{"line":161,"column":8},"end":{"line":161,"column":20}},"44":{"start":{"line":164,"column":28},"end":{"line":164,"column":90}},"45":{"start":{"line":165,"column":8},"end":{"line":165,"column":68}},"46":{"start":{"line":167,"column":8},"end":{"line":170,"column":27}},"47":{"start":{"line":179,"column":0},"end":{"line":193,"column":14}}},"fnMap":{"0":{"name":"(anonymous_0)","decl":{"start":{"line":9,"column":4},"end":{"line":9,"column":5}},"loc":{"start":{"line":9,"column":28},"end":{"line":11,"column":5}},"line":9},"1":{"name":"(anonymous_1)","decl":{"start":{"line":12,"column":4},"end":{"line":12,"column":5}},"loc":{"start":{"line":12,"column":25},"end":{"line":19,"column":5}},"line":12},"2":{"name":"(anonymous_2)","decl":{"start":{"line":23,"column":4},"end":{"line":23,"column":5}},"loc":{"start":{"line":23,"column":28},"end":{"line":26,"column":5}},"line":23},"3":{"name":"(anonymous_3)","decl":{"start":{"line":27,"column":4},"end":{"line":27,"column":5}},"loc":{"start":{"line":27,"column":25},"end":{"line":33,"column":5}},"line":27},"4":{"name":"(anonymous_4)","decl":{"start":{"line":37,"column":4},"end":{"line":37,"column":5}},"loc":{"start":{"line":37,"column":28},"end":{"line":40,"column":5}},"line":37},"5":{"name":"(anonymous_5)","decl":{"start":{"line":41,"column":4},"end":{"line":41,"column":5}},"loc":{"start":{"line":41,"column":25},"end":{"line":49,"column":5}},"line":41},"6":{"name":"(anonymous_6)","decl":{"start":{"line":53,"column":4},"end":{"line":53,"column":5}},"loc":{"start":{"line":53,"column":28},"end":{"line":56,"column":5}},"line":53},"7":{"name":"(anonymous_7)","decl":{"start":{"line":57,"column":4},"end":{"line":57,"column":5}},"loc":{"start":{"line":57,"column":25},"end":{"line":69,"column":5}},"line":57},"8":{"name":"(anonymous_8)","decl":{"start":{"line":73,"column":4},"end":{"line":73,"column":5}},"loc":{"start":{"line":73,"column":28},"end":{"line":76,"column":5}},"line":73},"9":{"name":"(anonymous_9)","decl":{"start":{"line":77,"column":4},"end":{"line":77,"column":5}},"loc":{"start":{"line":77,"column":25},"end":{"line":84,"column":5}},"line":77},"10":{"name":"(anonymous_10)","decl":{"start":{"line":88,"column":4},"end":{"line":88,"column":5}},"loc":{"start":{"line":88,"column":28},"end":{"line":92,"column":5}},"line":88},"11":{"name":"(anonymous_11)","decl":{"start":{"line":93,"column":4},"end":{"line":93,"column":5}},"loc":{"start":{"line":93,"column":25},"end":{"line":99,"column":5}},"line":93},"12":{"name":"(anonymous_12)","decl":{"start":{"line":107,"column":4},"end":{"line":107,"column":5}},"loc":{"start":{"line":107,"column":28},"end":{"line":110,"column":5}},"line":107},"13":{"name":"(anonymous_13)","decl":{"start":{"line":111,"column":4},"end":{"line":111,"column":5}},"loc":{"start":{"line":111,"column":25},"end":{"line":118,"column":5}},"line":111},"14":{"name":"(anonymous_14)","decl":{"start":{"line":126,"column":4},"end":{"line":126,"column":5}},"loc":{"start":{"line":126,"column":28},"end":{"line":128,"column":5}},"line":126},"15":{"name":"(anonymous_15)","decl":{"start":{"line":129,"column":4},"end":{"line":129,"column":5}},"loc":{"start":{"line":129,"column":25},"end":{"line":133,"column":5}},"line":129},"16":{"name":"(anonymous_16)","decl":{"start":{"line":141,"column":4},"end":{"line":141,"column":5}},"loc":{"start":{"line":141,"column":28},"end":{"line":143,"column":5}},"line":141},"17":{"name":"(anonymous_17)","decl":{"start":{"line":144,"column":4},"end":{"line":144,"column":5}},"loc":{"start":{"line":144,"column":25},"end":{"line":152,"column":5}},"line":144},"18":{"name":"(anonymous_18)","decl":{"start":{"line":160,"column":4},"end":{"line":160,"column":5}},"loc":{"start":{"line":160,"column":16},"end":{"line":162,"column":5}},"line":160},"19":{"name":"(anonymous_19)","decl":{"start":{"line":163,"column":4},"end":{"line":163,"column":5}},"loc":{"start":{"line":163,"column":32},"end":{"line":171,"column":5}},"line":163}},"branchMap":{"0":{"loc":{"start":{"line":24,"column":15},"end":{"line":25,"column":87}},"type":"binary-expr","locations":[{"start":{"line":24,"column":15},"end":{"line":24,"column":85}},{"start":{"line":25,"column":15},"end":{"line":25,"column":87}}],"line":24},"1":{"loc":{"start":{"line":38,"column":15},"end":{"line":39,"column":90}},"type":"binary-expr","locations":[{"start":{"line":38,"column":15},"end":{"line":38,"column":85}},{"start":{"line":39,"column":15},"end":{"line":39,"column":90}}],"line":38},"2":{"loc":{"start":{"line":54,"column":15},"end":{"line":55,"column":89}},"type":"binary-expr","locations":[{"start":{"line":54,"column":15},"end":{"line":54,"column":85}},{"start":{"line":55,"column":15},"end":{"line":55,"column":89}}],"line":54},"3":{"loc":{"start":{"line":74,"column":15},"end":{"line":75,"column":88}},"type":"binary-expr","locations":[{"start":{"line":74,"column":15},"end":{"line":74,"column":85}},{"start":{"line":75,"column":15},"end":{"line":75,"column":88}}],"line":74},"4":{"loc":{"start":{"line":89,"column":15},"end":{"line":91,"column":93}},"type":"binary-expr","locations":[{"start":{"line":89,"column":15},"end":{"line":89,"column":85}},{"start":{"line":90,"column":16},"end":{"line":90,"column":91}},{"start":{"line":91,"column":19},"end":{"line":91,"column":92}}],"line":89},"5":{"loc":{"start":{"line":108,"column":15},"end":{"line":109,"column":92}},"type":"binary-expr","locations":[{"start":{"line":108,"column":15},"end":{"line":108,"column":85}},{"start":{"line":109,"column":15},"end":{"line":109,"column":92}}],"line":108}},"s":{"0":1,"1":1,"2":5,"3":1,"4":1,"5":1,"6":4,"7":3,"8":3,"9":1,"10":1,"11":0,"12":0,"13":0,"14":1,"15":1,"16":0,"17":0,"18":0,"19":0,"20":0,"21":1,"22":1,"23":1,"24":1,"25":1,"26":0,"27":0,"28":0,"29":1,"30":0,"31":0,"32":0,"33":1,"34":0,"35":0,"36":0,"37":1,"38":0,"39":0,"40":0,"41":0,"42":1,"43":0,"44":0,"45":0,"46":0,"47":1},"f":{"0":5,"1":1,"2":4,"3":3,"4":1,"5":0,"6":1,"7":0,"8":1,"9":1,"10":0,"11":0,"12":0,"13":0,"14":0,"15":0,"16":0,"17":0,"18":0,"19":0},"b":{"0":[4,4],"1":[1,1],"2":[1,1],"3":[1,1],"4":[0,0,0],"5":[0,0]},"_coverageSchema":"43e27e138ebf9cfc5966b082cf9a028302ed4184","hash":"98fa6654ccc0fc6294a1bab35aa03b6b8e661300"}
}
