{"/Users/habuma/pwx-workshop/hello-progressive-web-too/lambda/index.js": {"path":"/Users/habuma/pwx-workshop/hello-progressive-web-too/lambda/index.js","statementMap":{"0":{"start":{"line":4,"column":14},"end":{"line":4,"column":37}},"1":{"start":{"line":6,"column":29},"end":{"line":17,"column":1}},"2":{"start":{"line":8,"column":8},"end":{"line":8,"column":86}},"3":{"start":{"line":11,"column":28},"end":{"line":11,"column":94}},"4":{"start":{"line":12,"column":8},"end":{"line":15,"column":27}},"5":{"start":{"line":18,"column":32},"end":{"line":30,"column":1}},"6":{"start":{"line":20,"column":8},"end":{"line":21,"column":88}},"7":{"start":{"line":24,"column":28},"end":{"line":24,"column":63}},"8":{"start":{"line":25,"column":8},"end":{"line":28,"column":27}},"9":{"start":{"line":31,"column":26},"end":{"line":44,"column":1}},"10":{"start":{"line":33,"column":8},"end":{"line":34,"column":89}},"11":{"start":{"line":37,"column":28},"end":{"line":37,"column":70}},"12":{"start":{"line":39,"column":8},"end":{"line":42,"column":27}},"13":{"start":{"line":45,"column":35},"end":{"line":57,"column":1}},"14":{"start":{"line":47,"column":8},"end":{"line":49,"column":94}},"15":{"start":{"line":52,"column":28},"end":{"line":52,"column":38}},"16":{"start":{"line":53,"column":8},"end":{"line":55,"column":27}},"17":{"start":{"line":58,"column":35},"end":{"line":66,"column":1}},"18":{"start":{"line":60,"column":8},"end":{"line":60,"column":92}},"19":{"start":{"line":64,"column":8},"end":{"line":64,"column":58}},"20":{"start":{"line":72,"column":31},"end":{"line":85,"column":1}},"21":{"start":{"line":74,"column":8},"end":{"line":74,"column":86}},"22":{"start":{"line":77,"column":27},"end":{"line":77,"column":76}},"23":{"start":{"line":78,"column":28},"end":{"line":78,"column":62}},"24":{"start":{"line":80,"column":8},"end":{"line":83,"column":27}},"25":{"start":{"line":90,"column":21},"end":{"line":103,"column":1}},"26":{"start":{"line":92,"column":8},"end":{"line":92,"column":20}},"27":{"start":{"line":95,"column":8},"end":{"line":95,"column":58}},"28":{"start":{"line":96,"column":28},"end":{"line":96,"column":90}},"29":{"start":{"line":98,"column":8},"end":{"line":101,"column":27}},"30":{"start":{"line":108,"column":0},"end":{"line":120,"column":14}}},"fnMap":{"0":{"name":"(anonymous_0)","decl":{"start":{"line":7,"column":4},"end":{"line":7,"column":5}},"loc":{"start":{"line":7,"column":28},"end":{"line":9,"column":5}},"line":7},"1":{"name":"(anonymous_1)","decl":{"start":{"line":10,"column":4},"end":{"line":10,"column":5}},"loc":{"start":{"line":10,"column":25},"end":{"line":16,"column":5}},"line":10},"2":{"name":"(anonymous_2)","decl":{"start":{"line":19,"column":4},"end":{"line":19,"column":5}},"loc":{"start":{"line":19,"column":28},"end":{"line":22,"column":5}},"line":19},"3":{"name":"(anonymous_3)","decl":{"start":{"line":23,"column":4},"end":{"line":23,"column":5}},"loc":{"start":{"line":23,"column":25},"end":{"line":29,"column":5}},"line":23},"4":{"name":"(anonymous_4)","decl":{"start":{"line":32,"column":4},"end":{"line":32,"column":5}},"loc":{"start":{"line":32,"column":28},"end":{"line":35,"column":5}},"line":32},"5":{"name":"(anonymous_5)","decl":{"start":{"line":36,"column":4},"end":{"line":36,"column":5}},"loc":{"start":{"line":36,"column":25},"end":{"line":43,"column":5}},"line":36},"6":{"name":"(anonymous_6)","decl":{"start":{"line":46,"column":4},"end":{"line":46,"column":5}},"loc":{"start":{"line":46,"column":28},"end":{"line":50,"column":5}},"line":46},"7":{"name":"(anonymous_7)","decl":{"start":{"line":51,"column":4},"end":{"line":51,"column":5}},"loc":{"start":{"line":51,"column":25},"end":{"line":56,"column":5}},"line":51},"8":{"name":"(anonymous_8)","decl":{"start":{"line":59,"column":4},"end":{"line":59,"column":5}},"loc":{"start":{"line":59,"column":28},"end":{"line":61,"column":5}},"line":59},"9":{"name":"(anonymous_9)","decl":{"start":{"line":62,"column":4},"end":{"line":62,"column":5}},"loc":{"start":{"line":62,"column":25},"end":{"line":65,"column":5}},"line":62},"10":{"name":"(anonymous_10)","decl":{"start":{"line":73,"column":4},"end":{"line":73,"column":5}},"loc":{"start":{"line":73,"column":28},"end":{"line":75,"column":5}},"line":73},"11":{"name":"(anonymous_11)","decl":{"start":{"line":76,"column":4},"end":{"line":76,"column":5}},"loc":{"start":{"line":76,"column":25},"end":{"line":84,"column":5}},"line":76},"12":{"name":"(anonymous_12)","decl":{"start":{"line":91,"column":4},"end":{"line":91,"column":5}},"loc":{"start":{"line":91,"column":16},"end":{"line":93,"column":5}},"line":91},"13":{"name":"(anonymous_13)","decl":{"start":{"line":94,"column":4},"end":{"line":94,"column":5}},"loc":{"start":{"line":94,"column":32},"end":{"line":102,"column":5}},"line":94}},"branchMap":{"0":{"loc":{"start":{"line":20,"column":15},"end":{"line":21,"column":87}},"type":"binary-expr","locations":[{"start":{"line":20,"column":15},"end":{"line":20,"column":85}},{"start":{"line":21,"column":15},"end":{"line":21,"column":87}}],"line":20},"1":{"loc":{"start":{"line":33,"column":15},"end":{"line":34,"column":88}},"type":"binary-expr","locations":[{"start":{"line":33,"column":15},"end":{"line":33,"column":85}},{"start":{"line":34,"column":15},"end":{"line":34,"column":88}}],"line":33},"2":{"loc":{"start":{"line":47,"column":15},"end":{"line":49,"column":93}},"type":"binary-expr","locations":[{"start":{"line":47,"column":15},"end":{"line":47,"column":85}},{"start":{"line":48,"column":16},"end":{"line":48,"column":91}},{"start":{"line":49,"column":19},"end":{"line":49,"column":92}}],"line":47}},"s":{"0":1,"1":1,"2":4,"3":2,"4":2,"5":1,"6":2,"7":1,"8":1,"9":1,"10":1,"11":1,"12":1,"13":1,"14":0,"15":0,"16":0,"17":1,"18":0,"19":0,"20":1,"21":0,"22":0,"23":0,"24":0,"25":1,"26":0,"27":0,"28":0,"29":0,"30":1},"f":{"0":4,"1":2,"2":2,"3":1,"4":1,"5":1,"6":0,"7":0,"8":0,"9":0,"10":0,"11":0,"12":0,"13":0},"b":{"0":[2,2],"1":[1,1],"2":[0,0,0]},"_coverageSchema":"43e27e138ebf9cfc5966b082cf9a028302ed4184","hash":"dba24c9a534f501cf66864133e6701e9bf0124f2"}
,"/Users/habuma/pwx-workshop/hello-progressive-web-too/lambda/util.js": {"path":"/Users/habuma/pwx-workshop/hello-progressive-web-too/lambda/util.js","statementMap":{"0":{"start":{"line":1,"column":12},"end":{"line":1,"column":30}},"1":{"start":{"line":3,"column":22},"end":{"line":6,"column":2}},"2":{"start":{"line":8,"column":0},"end":{"line":19,"column":1}},"3":{"start":{"line":10,"column":23},"end":{"line":10,"column":56}},"4":{"start":{"line":11,"column":27},"end":{"line":15,"column":6}},"5":{"start":{"line":16,"column":4},"end":{"line":16,"column":77}},"6":{"start":{"line":17,"column":4},"end":{"line":17,"column":26}}},"fnMap":{"0":{"name":"getS3PreSignedUrl","decl":{"start":{"line":8,"column":44},"end":{"line":8,"column":61}},"loc":{"start":{"line":8,"column":75},"end":{"line":19,"column":1}},"line":8}},"branchMap":{},"s":{"0":0,"1":0,"2":0,"3":0,"4":0,"5":0,"6":0},"f":{"0":0},"b":{},"hash":"aaa51bab38e76530ca73bc4605587e543e6cd675"}
}
