TN:
SF:/Users/habuma/pwx-workshop/hello-progressive-web-too/lambda/index.js
FN:7,(anonymous_0)
FN:10,(anonymous_1)
FN:19,(anonymous_2)
FN:23,(anonymous_3)
FN:32,(anonymous_4)
FN:36,(anonymous_5)
FN:46,(anonymous_6)
FN:51,(anonymous_7)
FN:59,(anonymous_8)
FN:62,(anonymous_9)
FN:73,(anonymous_10)
FN:76,(anonymous_11)
FN:91,(anonymous_12)
FN:94,(anonymous_13)
FNF:14
FNH:6
FNDA:4,(anonymous_0)
FNDA:2,(anonymous_1)
FNDA:2,(anonymous_2)
FNDA:1,(anonymous_3)
FNDA:1,(anonymous_4)
FNDA:1,(anonymous_5)
FNDA:0,(anonymous_6)
FNDA:0,(anonymous_7)
FNDA:0,(anonymous_8)
FNDA:0,(anonymous_9)
FNDA:0,(anonymous_10)
FNDA:0,(anonymous_11)
FNDA:0,(anonymous_12)
FNDA:0,(anonymous_13)
DA:4,1
DA:6,1
DA:8,4
DA:11,2
DA:12,2
DA:18,1
DA:20,2
DA:24,1
DA:25,1
DA:31,1
DA:33,1
DA:37,1
DA:39,1
DA:45,1
DA:47,0
DA:52,0
DA:53,0
DA:58,1
DA:60,0
DA:64,0
DA:72,1
DA:74,0
DA:77,0
DA:78,0
DA:80,0
DA:90,1
DA:92,0
DA:95,0
DA:96,0
DA:98,0
DA:108,1
LF:31
LH:18
BRDA:20,0,0,2
BRDA:20,0,1,2
BRDA:33,1,0,1
BRDA:33,1,1,1
BRDA:47,2,0,0
BRDA:47,2,1,0
BRDA:47,2,2,0
BRF:7
BRH:4
end_of_record
TN:
SF:/Users/habuma/pwx-workshop/hello-progressive-web-too/lambda/util.js
FN:8,getS3PreSignedUrl
FNF:1
FNH:0
FNDA:0,getS3PreSignedUrl
DA:1,0
DA:3,0
DA:8,0
DA:10,0
DA:11,0
DA:16,0
DA:17,0
LF:7
LH:0
BRF:0
BRH:0
end_of_record
