TN:
SF:/Users/habuma/pwx-2021/helloprogressiveweb/lambda/index.js
FN:9,(anonymous_0)
FN:12,(anonymous_1)
FN:23,(anonymous_2)
FN:27,(anonymous_3)
FN:37,(anonymous_4)
FN:41,(anonymous_5)
FN:53,(anonymous_6)
FN:57,(anonymous_7)
FN:73,(anonymous_8)
FN:77,(anonymous_9)
FN:88,(anonymous_10)
FN:93,(anonymous_11)
FN:107,(anonymous_12)
FN:111,(anonymous_13)
FN:126,(anonymous_14)
FN:129,(anonymous_15)
FN:141,(anonymous_16)
FN:144,(anonymous_17)
FN:160,(anonymous_18)
FN:163,(anonymous_19)
FNF:20
FNH:8
FNDA:5,(anonymous_0)
FNDA:1,(anonymous_1)
FNDA:4,(anonymous_2)
FNDA:3,(anonymous_3)
FNDA:1,(anonymous_4)
FNDA:0,(anonymous_5)
FNDA:1,(anonymous_6)
FNDA:0,(anonymous_7)
FNDA:1,(anonymous_8)
FNDA:1,(anonymous_9)
FNDA:0,(anonymous_10)
FNDA:0,(anonymous_11)
FNDA:0,(anonymous_12)
FNDA:0,(anonymous_13)
FNDA:0,(anonymous_14)
FNDA:0,(anonymous_15)
FNDA:0,(anonymous_16)
FNDA:0,(anonymous_17)
FNDA:0,(anonymous_18)
FNDA:0,(anonymous_19)
DA:6,1
DA:8,1
DA:10,5
DA:13,1
DA:15,1
DA:22,1
DA:24,4
DA:28,3
DA:30,3
DA:36,1
DA:38,1
DA:42,0
DA:44,0
DA:46,0
DA:52,1
DA:54,1
DA:58,0
DA:59,0
DA:60,0
DA:64,0
DA:66,0
DA:72,1
DA:74,1
DA:78,1
DA:80,1
DA:87,1
DA:89,0
DA:94,0
DA:96,0
DA:106,1
DA:108,0
DA:112,0
DA:114,0
DA:125,1
DA:127,0
DA:130,0
DA:132,0
DA:140,1
DA:142,0
DA:145,0
DA:146,0
DA:148,0
DA:159,1
DA:161,0
DA:164,0
DA:165,0
DA:167,0
DA:179,1
LF:48
LH:23
BRDA:24,0,0,4
BRDA:24,0,1,4
BRDA:38,1,0,1
BRDA:38,1,1,1
BRDA:54,2,0,1
BRDA:54,2,1,1
BRDA:74,3,0,1
BRDA:74,3,1,1
BRDA:89,4,0,0
BRDA:89,4,1,0
BRDA:89,4,2,0
BRDA:108,5,0,0
BRDA:108,5,1,0
BRF:13
BRH:8
end_of_record
