{
  "numFailedTestSuites": 0,
  "numFailedTests": 0,
  "numPassedTestSuites": 1,
  "numPassedTests": 3,
  "numPendingTestSuites": 0,
  "numPendingTests": 0,
  "numRuntimeErrorTestSuites": 0,
  "numTodoTests": 0,
  "numTotalTestSuites": 1,
  "numTotalTests": 3,
  "openHandles": [],
  "snapshot": {
    "added": 0,
    "didUpdate": false,
    "failure": false,
    "filesAdded": 0,
    "filesRemoved": 0,
    "filesUnmatched": 0,
    "filesUpdated": 0,
    "matched": 0,
    "total": 0,
    "unchecked": 0,
    "uncheckedKeysByFile": [],
    "unmatched": 0,
    "updated": 0
  },
  "startTime": 1563297317291,
  "success": false,
  "testResults": [
    {
      "failureMessage": null,
      "leaks": false,
      "memoryUsage": 0,
      "numFailingTests": 0,
      "numPassingTests": 3,
      "numPendingTests": 0,
      "skipped": false,
      "snapshot": {
        "added": 0,
        "fileDeleted": false,
        "matched": 0,
        "unchecked": 0,
        "uncheckedKeys": [],
        "unmatched": 0,
        "updated": 0
      },
      "testFilePath": "/Users/habuma/starflyer-travel/tests/simple.test.yml",
      "testResults": [
        {
          "ancestorTitles": [
            "en-US",
            "Launch request for Star Flyer Travel"
          ],
          "duration": 54,
          "failureMessages": [],
          "location": {
            "column": 0,
            "line": 0
          },
          "numPassingAsserts": 0,
          "status": "passed",
          "title": "LaunchRequest"
        },
        {
          "ancestorTitles": [
            "en-US",
            "Hello World"
          ],
          "duration": 2,
          "failureMessages": [],
          "location": {
            "column": 0,
            "line": 0
          },
          "numPassingAsserts": 0,
          "status": "passed",
          "title": "Hello"
        },
        {
          "ancestorTitles": [
            "en-US",
            "Hello World"
          ],
          "duration": 1,
          "failureMessages": [],
          "location": {
            "column": 0,
            "line": 0
          },
          "numPassingAsserts": 0,
          "status": "passed",
          "title": "HelloWorldIntent"
        }
      ],
      "perfStats": {
        "end": 1563297317956,
        "start": 1563297317339
      },
      "numTodoTests": 0
    }
  ],
  "wasInterrupted": false,
  "coverageMap": {
    "/Users/habuma/starflyer-travel/lambda/custom/index.js": {
      "path": "/Users/habuma/starflyer-travel/lambda/custom/index.js",
      "statementMap": {
        "0": {
          "start": {
            "line": 4,
            "column": 14
          },
          "end": {
            "line": 4,
            "column": 37
          }
        },
        "1": {
          "start": {
            "line": 6,
            "column": 29
          },
          "end": {
            "line": 19,
            "column": 1
          }
        },
        "2": {
          "start": {
            "line": 8,
            "column": 4
          },
          "end": {
            "line": 8,
            "column": 73
          }
        },
        "3": {
          "start": {
            "line": 11,
            "column": 23
          },
          "end": {
            "line": 11,
            "column": 78
          }
        },
        "4": {
          "start": {
            "line": 13,
            "column": 4
          },
          "end": {
            "line": 17,
            "column": 21
          }
        },
        "5": {
          "start": {
            "line": 21,
            "column": 32
          },
          "end": {
            "line": 36,
            "column": 1
          }
        },
        "6": {
          "start": {
            "line": 23,
            "column": 4
          },
          "end": {
            "line": 24,
            "column": 81
          }
        },
        "7": {
          "start": {
            "line": 27,
            "column": 23
          },
          "end": {
            "line": 27,
            "column": 40
          }
        },
        "8": {
          "start": {
            "line": 28,
            "column": 4
          },
          "end": {
            "line": 28,
            "column": 35
          }
        },
        "9": {
          "start": {
            "line": 29,
            "column": 4
          },
          "end": {
            "line": 29,
            "column": 30
          }
        },
        "10": {
          "start": {
            "line": 31,
            "column": 4
          },
          "end": {
            "line": 34,
            "column": 21
          }
        },
        "11": {
          "start": {
            "line": 38,
            "column": 26
          },
          "end": {
            "line": 52,
            "column": 1
          }
        },
        "12": {
          "start": {
            "line": 40,
            "column": 4
          },
          "end": {
            "line": 41,
            "column": 82
          }
        },
        "13": {
          "start": {
            "line": 44,
            "column": 23
          },
          "end": {
            "line": 44,
            "column": 49
          }
        },
        "14": {
          "start": {
            "line": 46,
            "column": 4
          },
          "end": {
            "line": 50,
            "column": 21
          }
        },
        "15": {
          "start": {
            "line": 54,
            "column": 35
          },
          "end": {
            "line": 68,
            "column": 1
          }
        },
        "16": {
          "start": {
            "line": 56,
            "column": 4
          },
          "end": {
            "line": 58,
            "column": 85
          }
        },
        "17": {
          "start": {
            "line": 61,
            "column": 23
          },
          "end": {
            "line": 61,
            "column": 33
          }
        },
        "18": {
          "start": {
            "line": 63,
            "column": 4
          },
          "end": {
            "line": 66,
            "column": 21
          }
        },
        "19": {
          "start": {
            "line": 70,
            "column": 35
          },
          "end": {
            "line": 79,
            "column": 1
          }
        },
        "20": {
          "start": {
            "line": 72,
            "column": 4
          },
          "end": {
            "line": 72,
            "column": 79
          }
        },
        "21": {
          "start": {
            "line": 75,
            "column": 4
          },
          "end": {
            "line": 75,
            "column": 93
          }
        },
        "22": {
          "start": {
            "line": 77,
            "column": 4
          },
          "end": {
            "line": 77,
            "column": 54
          }
        },
        "23": {
          "start": {
            "line": 81,
            "column": 21
          },
          "end": {
            "line": 93,
            "column": 1
          }
        },
        "24": {
          "start": {
            "line": 83,
            "column": 4
          },
          "end": {
            "line": 83,
            "column": 16
          }
        },
        "25": {
          "start": {
            "line": 86,
            "column": 4
          },
          "end": {
            "line": 86,
            "column": 51
          }
        },
        "26": {
          "start": {
            "line": 88,
            "column": 4
          },
          "end": {
            "line": 91,
            "column": 21
          }
        },
        "27": {
          "start": {
            "line": 95,
            "column": 21
          },
          "end": {
            "line": 95,
            "column": 49
          }
        },
        "28": {
          "start": {
            "line": 97,
            "column": 0
          },
          "end": {
            "line": 106,
            "column": 12
          }
        }
      },
      "fnMap": {
        "0": {
          "name": "(anonymous_0)",
          "decl": {
            "start": {
              "line": 7,
              "column": 2
            },
            "end": {
              "line": 7,
              "column": 3
            }
          },
          "loc": {
            "start": {
              "line": 7,
              "column": 26
            },
            "end": {
              "line": 9,
              "column": 3
            }
          },
          "line": 7
        },
        "1": {
          "name": "(anonymous_1)",
          "decl": {
            "start": {
              "line": 10,
              "column": 2
            },
            "end": {
              "line": 10,
              "column": 3
            }
          },
          "loc": {
            "start": {
              "line": 10,
              "column": 23
            },
            "end": {
              "line": 18,
              "column": 3
            }
          },
          "line": 10
        },
        "2": {
          "name": "(anonymous_2)",
          "decl": {
            "start": {
              "line": 22,
              "column": 2
            },
            "end": {
              "line": 22,
              "column": 3
            }
          },
          "loc": {
            "start": {
              "line": 22,
              "column": 26
            },
            "end": {
              "line": 25,
              "column": 3
            }
          },
          "line": 22
        },
        "3": {
          "name": "(anonymous_3)",
          "decl": {
            "start": {
              "line": 26,
              "column": 2
            },
            "end": {
              "line": 26,
              "column": 3
            }
          },
          "loc": {
            "start": {
              "line": 26,
              "column": 23
            },
            "end": {
              "line": 35,
              "column": 3
            }
          },
          "line": 26
        },
        "4": {
          "name": "(anonymous_4)",
          "decl": {
            "start": {
              "line": 39,
              "column": 2
            },
            "end": {
              "line": 39,
              "column": 3
            }
          },
          "loc": {
            "start": {
              "line": 39,
              "column": 26
            },
            "end": {
              "line": 42,
              "column": 3
            }
          },
          "line": 39
        },
        "5": {
          "name": "(anonymous_5)",
          "decl": {
            "start": {
              "line": 43,
              "column": 2
            },
            "end": {
              "line": 43,
              "column": 3
            }
          },
          "loc": {
            "start": {
              "line": 43,
              "column": 23
            },
            "end": {
              "line": 51,
              "column": 3
            }
          },
          "line": 43
        },
        "6": {
          "name": "(anonymous_6)",
          "decl": {
            "start": {
              "line": 55,
              "column": 2
            },
            "end": {
              "line": 55,
              "column": 3
            }
          },
          "loc": {
            "start": {
              "line": 55,
              "column": 26
            },
            "end": {
              "line": 59,
              "column": 3
            }
          },
          "line": 55
        },
        "7": {
          "name": "(anonymous_7)",
          "decl": {
            "start": {
              "line": 60,
              "column": 2
            },
            "end": {
              "line": 60,
              "column": 3
            }
          },
          "loc": {
            "start": {
              "line": 60,
              "column": 23
            },
            "end": {
              "line": 67,
              "column": 3
            }
          },
          "line": 60
        },
        "8": {
          "name": "(anonymous_8)",
          "decl": {
            "start": {
              "line": 71,
              "column": 2
            },
            "end": {
              "line": 71,
              "column": 3
            }
          },
          "loc": {
            "start": {
              "line": 71,
              "column": 26
            },
            "end": {
              "line": 73,
              "column": 3
            }
          },
          "line": 71
        },
        "9": {
          "name": "(anonymous_9)",
          "decl": {
            "start": {
              "line": 74,
              "column": 2
            },
            "end": {
              "line": 74,
              "column": 3
            }
          },
          "loc": {
            "start": {
              "line": 74,
              "column": 23
            },
            "end": {
              "line": 78,
              "column": 3
            }
          },
          "line": 74
        },
        "10": {
          "name": "(anonymous_10)",
          "decl": {
            "start": {
              "line": 82,
              "column": 2
            },
            "end": {
              "line": 82,
              "column": 3
            }
          },
          "loc": {
            "start": {
              "line": 82,
              "column": 14
            },
            "end": {
              "line": 84,
              "column": 3
            }
          },
          "line": 82
        },
        "11": {
          "name": "(anonymous_11)",
          "decl": {
            "start": {
              "line": 85,
              "column": 2
            },
            "end": {
              "line": 85,
              "column": 3
            }
          },
          "loc": {
            "start": {
              "line": 85,
              "column": 30
            },
            "end": {
              "line": 92,
              "column": 3
            }
          },
          "line": 85
        }
      },
      "branchMap": {
        "0": {
          "loc": {
            "start": {
              "line": 23,
              "column": 11
            },
            "end": {
              "line": 24,
              "column": 80
            }
          },
          "type": "binary-expr",
          "locations": [
            {
              "start": {
                "line": 23,
                "column": 11
              },
              "end": {
                "line": 23,
                "column": 72
              }
            },
            {
              "start": {
                "line": 24,
                "column": 9
              },
              "end": {
                "line": 24,
                "column": 80
              }
            }
          ],
          "line": 23
        },
        "1": {
          "loc": {
            "start": {
              "line": 40,
              "column": 11
            },
            "end": {
              "line": 41,
              "column": 81
            }
          },
          "type": "binary-expr",
          "locations": [
            {
              "start": {
                "line": 40,
                "column": 11
              },
              "end": {
                "line": 40,
                "column": 72
              }
            },
            {
              "start": {
                "line": 41,
                "column": 9
              },
              "end": {
                "line": 41,
                "column": 81
              }
            }
          ],
          "line": 40
        },
        "2": {
          "loc": {
            "start": {
              "line": 56,
              "column": 11
            },
            "end": {
              "line": 58,
              "column": 84
            }
          },
          "type": "binary-expr",
          "locations": [
            {
              "start": {
                "line": 56,
                "column": 11
              },
              "end": {
                "line": 56,
                "column": 72
              }
            },
            {
              "start": {
                "line": 57,
                "column": 10
              },
              "end": {
                "line": 57,
                "column": 84
              }
            },
            {
              "start": {
                "line": 58,
                "column": 11
              },
              "end": {
                "line": 58,
                "column": 83
              }
            }
          ],
          "line": 56
        }
      },
      "s": {
        "0": 1,
        "1": 1,
        "2": 3,
        "3": 1,
        "4": 1,
        "5": 1,
        "6": 2,
        "7": 2,
        "8": 2,
        "9": 2,
        "10": 2,
        "11": 1,
        "12": 0,
        "13": 0,
        "14": 0,
        "15": 1,
        "16": 0,
        "17": 0,
        "18": 0,
        "19": 1,
        "20": 0,
        "21": 0,
        "22": 0,
        "23": 1,
        "24": 0,
        "25": 0,
        "26": 0,
        "27": 1,
        "28": 1
      },
      "f": {
        "0": 3,
        "1": 1,
        "2": 2,
        "3": 2,
        "4": 0,
        "5": 0,
        "6": 0,
        "7": 0,
        "8": 0,
        "9": 0,
        "10": 0,
        "11": 0
      },
      "b": {
        "0": [
          2,
          2
        ],
        "1": [
          0,
          0
        ],
        "2": [
          0,
          0,
          0
        ]
      },
      "_coverageSchema": "43e27e138ebf9cfc5966b082cf9a028302ed4184",
      "hash": "10f0fa1c62aa45ebf8b01b6b9699523be107bb2b"
    }
  }
}