TN:
SF:/Users/habuma/msn-alexa/hello-madison/lambda/custom/index.js
FN:13,(anonymous_0)
FN:16,(anonymous_1)
FN:27,(anonymous_2)
FN:31,(anonymous_3)
FN:41,(anonymous_4)
FN:45,(anonymous_5)
FN:56,(anonymous_6)
FN:61,(anonymous_7)
FN:75,(anonymous_8)
FN:79,(anonymous_9)
FN:94,(anonymous_10)
FN:97,(anonymous_11)
FN:109,(anonymous_12)
FN:112,(anonymous_13)
FN:128,(anonymous_14)
FN:131,(anonymous_15)
FN:144,(anonymous_16)
FN:148,(anonymous_17)
FN:149,(anonymous_18)
FNF:19
FNH:7
FNDA:2,(anonymous_0)
FNDA:1,(anonymous_1)
FNDA:1,(anonymous_2)
FNDA:1,(anonymous_3)
FNDA:0,(anonymous_4)
FNDA:0,(anonymous_5)
FNDA:0,(anonymous_6)
FNDA:0,(anonymous_7)
FNDA:0,(anonymous_8)
FNDA:0,(anonymous_9)
FNDA:0,(anonymous_10)
FNDA:0,(anonymous_11)
FNDA:0,(anonymous_12)
FNDA:0,(anonymous_13)
FNDA:0,(anonymous_14)
FNDA:0,(anonymous_15)
FNDA:2,(anonymous_16)
FNDA:2,(anonymous_17)
FNDA:2,(anonymous_18)
DA:6,1
DA:8,1
DA:10,1
DA:12,1
DA:14,2
DA:17,1
DA:19,1
DA:26,1
DA:28,1
DA:32,1
DA:34,1
DA:40,1
DA:42,0
DA:46,0
DA:48,0
DA:55,1
DA:57,0
DA:62,0
DA:64,0
DA:74,1
DA:76,0
DA:80,0
DA:82,0
DA:93,1
DA:95,0
DA:98,0
DA:100,0
DA:108,1
DA:110,0
DA:113,0
DA:114,0
DA:116,0
DA:127,1
DA:129,0
DA:132,0
DA:133,0
DA:135,0
DA:143,1
DA:145,2
DA:149,2
DA:158,1
LF:41
LH:21
BRDA:28,0,0,1
BRDA:28,0,1,1
BRDA:42,1,0,0
BRDA:42,1,1,0
BRDA:57,2,0,0
BRDA:57,2,1,0
BRDA:57,2,2,0
BRDA:76,3,0,0
BRDA:76,3,1,0
BRF:9
BRH:2
end_of_record
TN:
SF:/Users/habuma/msn-alexa/hello-madison/lambda/custom/languageStrings.js
FNF:0
FNH:0
DA:8,1
LF:1
LH:1
BRF:0
BRH:0
end_of_record
