TN:
SF:/Users/habuma/starflyer-travel/lambda/custom/index.js
FN:7,(anonymous_0)
FN:10,(anonymous_1)
FN:22,(anonymous_2)
FN:26,(anonymous_3)
FN:39,(anonymous_4)
FN:43,(anonymous_5)
FN:55,(anonymous_6)
FN:60,(anonymous_7)
FN:71,(anonymous_8)
FN:74,(anonymous_9)
FN:82,(anonymous_10)
FN:85,(anonymous_11)
FNF:12
FNH:4
FNDA:3,(anonymous_0)
FNDA:1,(anonymous_1)
FNDA:2,(anonymous_2)
FNDA:2,(anonymous_3)
FNDA:0,(anonymous_4)
FNDA:0,(anonymous_5)
FNDA:0,(anonymous_6)
FNDA:0,(anonymous_7)
FNDA:0,(anonymous_8)
FNDA:0,(anonymous_9)
FNDA:0,(anonymous_10)
FNDA:0,(anonymous_11)
DA:4,1
DA:6,1
DA:8,3
DA:11,1
DA:13,1
DA:21,1
DA:23,2
DA:27,2
DA:28,2
DA:29,2
DA:31,2
DA:38,1
DA:40,0
DA:44,0
DA:46,0
DA:54,1
DA:56,0
DA:61,0
DA:63,0
DA:70,1
DA:72,0
DA:75,0
DA:77,0
DA:81,1
DA:83,0
DA:86,0
DA:88,0
DA:95,1
DA:97,1
LF:29
LH:17
BRDA:23,0,0,2
BRDA:23,0,1,2
BRDA:40,1,0,0
BRDA:40,1,1,0
BRDA:56,2,0,0
BRDA:56,2,1,0
BRDA:56,2,2,0
BRF:7
BRH:2
end_of_record
